<?xml version="1.0" encoding="UTF-8"?>
<testng-results ignored="0" total="1" passed="1" failed="0" skipped="0">
  <reporter-output>
  </reporter-output>
  <suite started-at="2022-09-27T20:57:35 CEST" name="Command line suite" finished-at="2022-09-27T20:57:48 CEST" duration-ms="12698">
    <groups>
    </groups>
    <test started-at="2022-09-27T20:57:35 CEST" name="Command line test" finished-at="2022-09-27T20:57:48 CEST" duration-ms="12698">
      <class name="pl.tomaszbuga.tests.FirstTest">
        <test-method is-config="true" signature="setupWebDriver()[pri:0, instance:pl.tomaszbuga.tests.FirstTest@341814d3]" started-at="2022-09-27T20:57:35 CEST" name="setupWebDriver" finished-at="2022-09-27T20:57:43 CEST" duration-ms="7685" status="PASS">
          <reporter-output>
          </reporter-output>
        </test-method> <!-- setupWebDriver -->
        <test-method signature="firstMethod()[pri:0, instance:pl.tomaszbuga.tests.FirstTest@341814d3]" started-at="2022-09-27T20:57:43 CEST" name="firstMethod" finished-at="2022-09-27T20:57:46 CEST" duration-ms="3587" status="PASS">
          <reporter-output>
          </reporter-output>
        </test-method> <!-- firstMethod -->
        <test-method is-config="true" signature="closeBrowser()[pri:0, instance:pl.tomaszbuga.tests.FirstTest@341814d3]" started-at="2022-09-27T20:57:46 CEST" name="closeBrowser" finished-at="2022-09-27T20:57:48 CEST" duration-ms="1356" status="PASS">
          <reporter-output>
          </reporter-output>
        </test-method> <!-- closeBrowser -->
      </class> <!-- pl.tomaszbuga.tests.FirstTest -->
    </test> <!-- Command line test -->
  </suite> <!-- Command line suite -->
</testng-results>
